<?xml version="1.0" encoding="UTF-8"?>
<testsuite name="com.ssafy.AwA.AwAApplicationTests" tests="1" skipped="0" failures="0" errors="0" timestamp="2022-08-09T07:23:30" hostname="DESKTOP-KVCQHCD" time="0.017">
  <properties/>
  <testcase name="contextLoads()" classname="com.ssafy.AwA.AwAApplicationTests" time="0.017"/>
  <system-out><![CDATA[]]></system-out>
  <system-err><![CDATA[]]></system-err>
</testsuite>
